[debug] [2021-06-23T03:44:38.979Z] ----------------------------------------------------------------------
[debug] [2021-06-23T03:44:38.981Z] Command:       C:\Program Files\nodejs\node.exe C:\Users\Admin\AppData\Roaming\npm\node_modules\firebase-tools\lib\bin\firebase.js emulators:start
[debug] [2021-06-23T03:44:38.982Z] CLI Version:   9.13.1
[debug] [2021-06-23T03:44:38.982Z] Platform:      win32
[debug] [2021-06-23T03:44:38.982Z] Node Version:  v12.18.1
[debug] [2021-06-23T03:44:38.983Z] Time:          Wed Jun 23 2021 09:14:38 GMT+0530 (India Standard Time)
[debug] [2021-06-23T03:44:38.983Z] ----------------------------------------------------------------------
[debug] 
[debug] [2021-06-23T03:44:38.993Z] > command requires scopes: ["email","openid","https://www.googleapis.com/auth/cloudplatformprojects.readonly","https://www.googleapis.com/auth/firebase","https://www.googleapis.com/auth/cloud-platform"]
[debug] [2021-06-23T03:44:38.993Z] > authorizing via signed-in user (ibraj.grd@gmail.com)
[info] i  emulators: Starting emulators: functions, hosting {"metadata":{"emulator":{"name":"hub"},"message":"Starting emulators: functions, hosting"}}
[debug] [2021-06-23T03:44:41.045Z] [hub] writing locator at C:\Users\Admin\AppData\Local\Temp\hub-app-ae3b3.json
[warn] !  functions: The following emulators are not running, calls to these services from the Functions emulator will affect production: auth, firestore, database, pubsub, storage {"metadata":{"emulator":{"name":"functions"},"message":"The following emulators are not running, calls to these services from the Functions emulator will affect production: \u001b[1mauth, firestore, database, pubsub, storage\u001b[22m"}}
[warn] !  Your requested "node" version "14" doesn't match your global version "12" {"metadata":{"emulator":{"name":"functions"},"message":"Your requested \"node\" version \"14\" doesn't match your global version \"12\""}}
[debug] [2021-06-23T03:44:43.154Z] defaultcredentials: writing to file C:\Users\Admin\AppData\Roaming\firebase\ibraj_grd_gmail.com_application_default_credentials.json
[debug] [2021-06-23T03:44:43.157Z] Setting GAC to C:\Users\Admin\AppData\Roaming\firebase\ibraj_grd_gmail.com_application_default_credentials.json {"metadata":{"emulator":{"name":"functions"},"message":"Setting GAC to C:\\Users\\Admin\\AppData\\Roaming\\firebase\\ibraj_grd_gmail.com_application_default_credentials.json"}}
[debug] [2021-06-23T03:44:43.160Z] >>> [apiv2][query] GET https://firebase.googleapis.com/v1beta1/projects/app-ae3b3/adminSdkConfig [none]
[debug] [2021-06-23T03:44:43.926Z] <<< [apiv2][status] GET https://firebase.googleapis.com/v1beta1/projects/app-ae3b3/adminSdkConfig 200
[debug] [2021-06-23T03:44:43.927Z] <<< [apiv2][body] GET https://firebase.googleapis.com/v1beta1/projects/app-ae3b3/adminSdkConfig {"projectId":"app-ae3b3","storageBucket":"app-ae3b3.appspot.com"}
[debug] [2021-06-23T03:44:46.036Z] >>> [apiv2][query] GET https://firebasehosting.googleapis.com/v1beta1/projects/app-ae3b3/sites 
[debug] [2021-06-23T03:44:47.891Z] <<< [apiv2][status] GET https://firebasehosting.googleapis.com/v1beta1/projects/app-ae3b3/sites 200
[debug] [2021-06-23T03:44:47.891Z] <<< [apiv2][body] GET https://firebasehosting.googleapis.com/v1beta1/projects/app-ae3b3/sites {"sites":[{"name":"projects/492719757375/sites/app-ae3b3","defaultUrl":"https://app-ae3b3.web.app","appId":"1:492719757375:web:3ed34fff0aab6bccc5408a","type":"DEFAULT_SITE"}]}
[debug] [2021-06-23T03:44:47.892Z] >>> [apiv2][query] GET https://firebase.googleapis.com/v1beta1/projects/app-ae3b3/webApps/1:492719757375:web:3ed34fff0aab6bccc5408a/config [none]
[debug] [2021-06-23T03:44:49.303Z] <<< [apiv2][status] GET https://firebase.googleapis.com/v1beta1/projects/app-ae3b3/webApps/1:492719757375:web:3ed34fff0aab6bccc5408a/config 200
[debug] [2021-06-23T03:44:49.303Z] <<< [apiv2][body] GET https://firebase.googleapis.com/v1beta1/projects/app-ae3b3/webApps/1:492719757375:web:3ed34fff0aab6bccc5408a/config {"projectId":"app-ae3b3","appId":"1:492719757375:web:3ed34fff0aab6bccc5408a","storageBucket":"app-ae3b3.appspot.com","apiKey":"AIzaSyDLzss9FU6-71R316CvMXaFPtCNOegYCWc","authDomain":"app-ae3b3.firebaseapp.com","messagingSenderId":"492719757375","measurementId":"G-5QGGCB546T"}
[info] i  hosting: Serving hosting files from: build {"metadata":{"emulator":{"name":"hosting"},"message":"Serving hosting files from: \u001b[1mbuild\u001b[22m"}}
[info] +  hosting: Local server: http://localhost:5000 {"metadata":{"emulator":{"name":"hosting"},"message":"Local server: \u001b[4m\u001b[1mhttp://localhost:5000\u001b[22m\u001b[24m"}}
[debug] [2021-06-23T03:44:53.617Z] Ignoring unsupported arg: auto_download {"metadata":{"emulator":{"name":"ui"},"message":"Ignoring unsupported arg: auto_download"}}
[debug] [2021-06-23T03:44:53.618Z] Ignoring unsupported arg: port {"metadata":{"emulator":{"name":"ui"},"message":"Ignoring unsupported arg: port"}}
[debug] [2021-06-23T03:44:53.618Z] Starting Emulator UI with command {"binary":"node","args":["C:\\Users\\Admin\\.cache\\firebase\\emulators\\ui-v1.5.0\\server.bundle.js"],"optionalArgs":[],"joinArgs":false} {"metadata":{"emulator":{"name":"ui"},"message":"Starting Emulator UI with command {\"binary\":\"node\",\"args\":[\"C:\\\\Users\\\\Admin\\\\.cache\\\\firebase\\\\emulators\\\\ui-v1.5.0\\\\server.bundle.js\"],\"optionalArgs\":[],\"joinArgs\":false}"}}
[info] i  ui: Emulator UI logging to ui-debug.log {"metadata":{"emulator":{"name":"ui"},"message":"Emulator UI logging to \u001b[1mui-debug.log\u001b[22m"}}
[debug] [2021-06-23T03:44:53.881Z] Web / API server started at http://localhost:4000
 {"metadata":{"emulator":{"name":"ui"},"message":"Web / API server started at http://localhost:4000\n"}}
[info] i  functions: Watching "H:\React Projects\Amazon\amazon-app\functions" for Cloud Functions... {"metadata":{"emulator":{"name":"functions"},"message":"Watching \"H:\\React Projects\\Amazon\\amazon-app\\functions\" for Cloud Functions..."}}
[debug] [2021-06-23T03:44:54.162Z] [worker-pool] addWorker(~diagnostic~) {"metadata":{"emulator":{"name":"functions"},"message":"[worker-pool] addWorker(~diagnostic~)"}}
[debug] [2021-06-23T03:44:54.162Z] [worker-pool] Adding worker with key ~diagnostic~, total=1 {"metadata":{"emulator":{"name":"functions"},"message":"[worker-pool] Adding worker with key ~diagnostic~, total=1"}}
[debug] [2021-06-23T03:44:54.162Z] [worker-pool] submitWork(triggerId=) {"metadata":{"emulator":{"name":"functions"},"message":"[worker-pool] submitWork(triggerId=)"}}
[debug] [2021-06-23T03:44:54.163Z] [worker-~diagnostic~-8addbec9-6636-4cf8-8de5-fdbf48cd01e3]: Assigning socketPath: \\?\pipe\H:\React Projects\Amazon\amazon-app\functions\12212 {"metadata":{"emulator":{"name":"functions"},"message":"[worker-~diagnostic~-8addbec9-6636-4cf8-8de5-fdbf48cd01e3]: Assigning socketPath: \\\\?\\pipe\\H:\\React Projects\\Amazon\\amazon-app\\functions\\12212"}}
[debug] [2021-06-23T03:44:54.164Z] [worker-~diagnostic~-8addbec9-6636-4cf8-8de5-fdbf48cd01e3]: BUSY {"metadata":{"emulator":{"name":"functions"},"message":"[worker-~diagnostic~-8addbec9-6636-4cf8-8de5-fdbf48cd01e3]: BUSY"}}
[debug] [2021-06-23T03:44:54.483Z] [runtime-status] [12212] Functions runtime initialized. {"cwd":"H:\\React Projects\\Amazon\\amazon-app\\functions","node_version":"12.18.1"} {"metadata":{"emulator":{"name":"functions"},"message":"[runtime-status] [12212] Functions runtime initialized. {\"cwd\":\"H:\\\\React Projects\\\\Amazon\\\\amazon-app\\\\functions\",\"node_version\":\"12.18.1\"}"}}
[debug] [2021-06-23T03:44:54.484Z] [runtime-status] [12212] Disabled runtime features: undefined {"metadata":{"emulator":{"name":"functions"},"message":"[runtime-status] [12212] Disabled runtime features: undefined"}}
[debug] [2021-06-23T03:44:54.488Z] [runtime-status] [12212] Resolved module firebase-admin {"declared":true,"installed":true,"version":"9.9.0","resolution":"H:\\React Projects\\Amazon\\amazon-app\\functions\\node_modules\\firebase-admin\\lib\\index.js"} {"metadata":{"emulator":{"name":"functions"},"message":"[runtime-status] [12212] Resolved module firebase-admin {\"declared\":true,\"installed\":true,\"version\":\"9.9.0\",\"resolution\":\"H:\\\\React Projects\\\\Amazon\\\\amazon-app\\\\functions\\\\node_modules\\\\firebase-admin\\\\lib\\\\index.js\"}"}}
[debug] [2021-06-23T03:44:54.489Z] [runtime-status] [12212] Resolved module firebase-functions {"declared":true,"installed":true,"version":"3.14.1","resolution":"H:\\React Projects\\Amazon\\amazon-app\\functions\\node_modules\\firebase-functions\\lib\\index.js"} {"metadata":{"emulator":{"name":"functions"},"message":"[runtime-status] [12212] Resolved module firebase-functions {\"declared\":true,\"installed\":true,\"version\":\"3.14.1\",\"resolution\":\"H:\\\\React Projects\\\\Amazon\\\\amazon-app\\\\functions\\\\node_modules\\\\firebase-functions\\\\lib\\\\index.js\"}"}}
[debug] [2021-06-23T03:44:54.491Z] [runtime-status] [12212] Resolved module firebase-functions {"declared":true,"installed":true,"version":"3.14.1","resolution":"H:\\React Projects\\Amazon\\amazon-app\\functions\\node_modules\\firebase-functions\\lib\\index.js"} {"metadata":{"emulator":{"name":"functions"},"message":"[runtime-status] [12212] Resolved module firebase-functions {\"declared\":true,\"installed\":true,\"version\":\"3.14.1\",\"resolution\":\"H:\\\\React Projects\\\\Amazon\\\\amazon-app\\\\functions\\\\node_modules\\\\firebase-functions\\\\lib\\\\index.js\"}"}}
[debug] [2021-06-23T03:44:54.493Z] [runtime-status] [12212] Outgoing network have been stubbed. [{"name":"http","status":"mocked"},{"name":"http","status":"mocked"},{"name":"https","status":"mocked"},{"name":"https","status":"mocked"},{"name":"net","status":"mocked"}] {"metadata":{"emulator":{"name":"functions"},"message":"[runtime-status] [12212] Outgoing network have been stubbed. [{\"name\":\"http\",\"status\":\"mocked\"},{\"name\":\"http\",\"status\":\"mocked\"},{\"name\":\"https\",\"status\":\"mocked\"},{\"name\":\"https\",\"status\":\"mocked\"},{\"name\":\"net\",\"status\":\"mocked\"}]"}}
[debug] [2021-06-23T03:44:54.493Z] [runtime-status] [12212] Resolved module firebase-functions {"declared":true,"installed":true,"version":"3.14.1","resolution":"H:\\React Projects\\Amazon\\amazon-app\\functions\\node_modules\\firebase-functions\\lib\\index.js"} {"metadata":{"emulator":{"name":"functions"},"message":"[runtime-status] [12212] Resolved module firebase-functions {\"declared\":true,\"installed\":true,\"version\":\"3.14.1\",\"resolution\":\"H:\\\\React Projects\\\\Amazon\\\\amazon-app\\\\functions\\\\node_modules\\\\firebase-functions\\\\lib\\\\index.js\"}"}}
[debug] [2021-06-23T03:44:54.545Z] [runtime-status] [12212] Checked functions.config() {"config":{}} {"metadata":{"emulator":{"name":"functions"},"message":"[runtime-status] [12212] Checked functions.config() {\"config\":{}}"}}
[debug] [2021-06-23T03:44:54.546Z] [runtime-status] [12212] firebase-functions has been stubbed. {"functionsResolution":{"declared":true,"installed":true,"version":"3.14.1","resolution":"H:\\React Projects\\Amazon\\amazon-app\\functions\\node_modules\\firebase-functions\\lib\\index.js"}} {"metadata":{"emulator":{"name":"functions"},"message":"[runtime-status] [12212] firebase-functions has been stubbed. {\"functionsResolution\":{\"declared\":true,\"installed\":true,\"version\":\"3.14.1\",\"resolution\":\"H:\\\\React Projects\\\\Amazon\\\\amazon-app\\\\functions\\\\node_modules\\\\firebase-functions\\\\lib\\\\index.js\"}}"}}
[debug] [2021-06-23T03:44:54.546Z] [runtime-status] [12212] Resolved module firebase-functions {"declared":true,"installed":true,"version":"3.14.1","resolution":"H:\\React Projects\\Amazon\\amazon-app\\functions\\node_modules\\firebase-functions\\lib\\index.js"} {"metadata":{"emulator":{"name":"functions"},"message":"[runtime-status] [12212] Resolved module firebase-functions {\"declared\":true,\"installed\":true,\"version\":\"3.14.1\",\"resolution\":\"H:\\\\React Projects\\\\Amazon\\\\amazon-app\\\\functions\\\\node_modules\\\\firebase-functions\\\\lib\\\\index.js\"}"}}
[debug] [2021-06-23T03:44:54.548Z] [runtime-status] [12212] Resolved module firebase-admin {"declared":true,"installed":true,"version":"9.9.0","resolution":"H:\\React Projects\\Amazon\\amazon-app\\functions\\node_modules\\firebase-admin\\lib\\index.js"} {"metadata":{"emulator":{"name":"functions"},"message":"[runtime-status] [12212] Resolved module firebase-admin {\"declared\":true,\"installed\":true,\"version\":\"9.9.0\",\"resolution\":\"H:\\\\React Projects\\\\Amazon\\\\amazon-app\\\\functions\\\\node_modules\\\\firebase-admin\\\\lib\\\\index.js\"}"}}
[debug] [2021-06-23T03:44:54.548Z] [runtime-status] [12212] Resolved module firebase-functions {"declared":true,"installed":true,"version":"3.14.1","resolution":"H:\\React Projects\\Amazon\\amazon-app\\functions\\node_modules\\firebase-functions\\lib\\index.js"} {"metadata":{"emulator":{"name":"functions"},"message":"[runtime-status] [12212] Resolved module firebase-functions {\"declared\":true,\"installed\":true,\"version\":\"3.14.1\",\"resolution\":\"H:\\\\React Projects\\\\Amazon\\\\amazon-app\\\\functions\\\\node_modules\\\\firebase-functions\\\\lib\\\\index.js\"}"}}
[debug] [2021-06-23T03:44:54.549Z] [runtime-status] [12212] firebase-admin has been stubbed. {"adminResolution":{"declared":true,"installed":true,"version":"9.9.0","resolution":"H:\\React Projects\\Amazon\\amazon-app\\functions\\node_modules\\firebase-admin\\lib\\index.js"}} {"metadata":{"emulator":{"name":"functions"},"message":"[runtime-status] [12212] firebase-admin has been stubbed. {\"adminResolution\":{\"declared\":true,\"installed\":true,\"version\":\"9.9.0\",\"resolution\":\"H:\\\\React Projects\\\\Amazon\\\\amazon-app\\\\functions\\\\node_modules\\\\firebase-admin\\\\lib\\\\index.js\"}}"}}
[info] +  functions[us-central1-api]: http function initialized (http://localhost:5001/app-ae3b3/us-central1/api). {"metadata":{"emulator":{"name":"functions"},"message":"\u001b[1mhttp\u001b[22m function initialized (http://localhost:5001/app-ae3b3/us-central1/api)."}}
[info] 
┌─────────────────────────────────────────────────────────────┐
│ ✔  All emulators ready! It is now safe to connect your app. │
│ i  View Emulator UI at http://localhost:4000                │
└─────────────────────────────────────────────────────────────┘

┌───────────┬────────────────┬─────────────────────────────────┐
│ Emulator  │ Host:Port      │ View in Emulator UI             │
├───────────┼────────────────┼─────────────────────────────────┤
│ Functions │ localhost:5001 │ http://localhost:4000/functions │
├───────────┼────────────────┼─────────────────────────────────┤
│ Hosting   │ localhost:5000 │ n/a                             │
└───────────┴────────────────┴─────────────────────────────────┘
  Emulator Hub running at localhost:4400
  Other reserved ports: 4500

Issues? Report them at https://github.com/firebase/firebase-tools/issues and attach the *-debug.log files.
 
[debug] [2021-06-23T03:44:54.754Z] [worker-~diagnostic~-8addbec9-6636-4cf8-8de5-fdbf48cd01e3]: IDLE {"metadata":{"emulator":{"name":"functions"},"message":"[worker-~diagnostic~-8addbec9-6636-4cf8-8de5-fdbf48cd01e3]: IDLE"}}
[debug] [2021-06-23T03:45:34.724Z] [work-queue] {"queueLength":1,"workRunningCount":0}
[debug] [2021-06-23T03:45:34.725Z] [work-queue] {"queueLength":0,"workRunningCount":1}
[debug] [2021-06-23T03:45:34.727Z] Accepted request GET /app-ae3b3/us-central1/api --> us-central1-api
[debug] [2021-06-23T03:45:34.736Z] [worker-pool] addWorker(us-central1-api) {"metadata":{"emulator":{"name":"functions"},"message":"[worker-pool] addWorker(us-central1-api)"}}
[debug] [2021-06-23T03:45:34.737Z] [worker-pool] Adding worker with key us-central1-api, total=1 {"metadata":{"emulator":{"name":"functions"},"message":"[worker-pool] Adding worker with key us-central1-api, total=1"}}
[debug] [2021-06-23T03:45:34.737Z] [worker-pool] submitWork(triggerId=us-central1-api) {"metadata":{"emulator":{"name":"functions"},"message":"[worker-pool] submitWork(triggerId=us-central1-api)"}}
[debug] [2021-06-23T03:45:34.737Z] [worker-us-central1-api-85d1ea8f-4960-4cb2-848e-7efec22d5162]: Assigning socketPath: \\?\pipe\H:\React Projects\Amazon\amazon-app\functions\8196 {"metadata":{"emulator":{"name":"functions"},"message":"[worker-us-central1-api-85d1ea8f-4960-4cb2-848e-7efec22d5162]: Assigning socketPath: \\\\?\\pipe\\H:\\React Projects\\Amazon\\amazon-app\\functions\\8196"}}
[debug] [2021-06-23T03:45:34.738Z] [worker-us-central1-api-85d1ea8f-4960-4cb2-848e-7efec22d5162]: BUSY {"metadata":{"emulator":{"name":"functions"},"message":"[worker-us-central1-api-85d1ea8f-4960-4cb2-848e-7efec22d5162]: BUSY"}}
[debug] [2021-06-23T03:45:35.066Z] [runtime-status] [8196] Functions runtime initialized. {"cwd":"H:\\React Projects\\Amazon\\amazon-app\\functions","node_version":"12.18.1"} {"metadata":{"emulator":{"name":"functions"},"function":{"name":"us-central1-api"},"message":"[runtime-status] [8196] Functions runtime initialized. {\"cwd\":\"H:\\\\React Projects\\\\Amazon\\\\amazon-app\\\\functions\",\"node_version\":\"12.18.1\"}"}}
[debug] [2021-06-23T03:45:35.067Z] [runtime-status] [8196] Disabled runtime features: undefined {"metadata":{"emulator":{"name":"functions"},"function":{"name":"us-central1-api"},"message":"[runtime-status] [8196] Disabled runtime features: undefined"}}
[debug] [2021-06-23T03:45:35.074Z] [runtime-status] [8196] Resolved module firebase-admin {"declared":true,"installed":true,"version":"9.9.0","resolution":"H:\\React Projects\\Amazon\\amazon-app\\functions\\node_modules\\firebase-admin\\lib\\index.js"} {"metadata":{"emulator":{"name":"functions"},"function":{"name":"us-central1-api"},"message":"[runtime-status] [8196] Resolved module firebase-admin {\"declared\":true,\"installed\":true,\"version\":\"9.9.0\",\"resolution\":\"H:\\\\React Projects\\\\Amazon\\\\amazon-app\\\\functions\\\\node_modules\\\\firebase-admin\\\\lib\\\\index.js\"}"}}
[debug] [2021-06-23T03:45:35.077Z] [runtime-status] [8196] Resolved module firebase-functions {"declared":true,"installed":true,"version":"3.14.1","resolution":"H:\\React Projects\\Amazon\\amazon-app\\functions\\node_modules\\firebase-functions\\lib\\index.js"} {"metadata":{"emulator":{"name":"functions"},"function":{"name":"us-central1-api"},"message":"[runtime-status] [8196] Resolved module firebase-functions {\"declared\":true,\"installed\":true,\"version\":\"3.14.1\",\"resolution\":\"H:\\\\React Projects\\\\Amazon\\\\amazon-app\\\\functions\\\\node_modules\\\\firebase-functions\\\\lib\\\\index.js\"}"}}
[debug] [2021-06-23T03:45:35.079Z] [runtime-status] [8196] Resolved module firebase-functions {"declared":true,"installed":true,"version":"3.14.1","resolution":"H:\\React Projects\\Amazon\\amazon-app\\functions\\node_modules\\firebase-functions\\lib\\index.js"} {"metadata":{"emulator":{"name":"functions"},"function":{"name":"us-central1-api"},"message":"[runtime-status] [8196] Resolved module firebase-functions {\"declared\":true,\"installed\":true,\"version\":\"3.14.1\",\"resolution\":\"H:\\\\React Projects\\\\Amazon\\\\amazon-app\\\\functions\\\\node_modules\\\\firebase-functions\\\\lib\\\\index.js\"}"}}
[debug] [2021-06-23T03:45:35.081Z] [runtime-status] [8196] Outgoing network have been stubbed. [{"name":"http","status":"mocked"},{"name":"http","status":"mocked"},{"name":"https","status":"mocked"},{"name":"https","status":"mocked"},{"name":"net","status":"mocked"}] {"metadata":{"emulator":{"name":"functions"},"function":{"name":"us-central1-api"},"message":"[runtime-status] [8196] Outgoing network have been stubbed. [{\"name\":\"http\",\"status\":\"mocked\"},{\"name\":\"http\",\"status\":\"mocked\"},{\"name\":\"https\",\"status\":\"mocked\"},{\"name\":\"https\",\"status\":\"mocked\"},{\"name\":\"net\",\"status\":\"mocked\"}]"}}
[debug] [2021-06-23T03:45:35.082Z] [runtime-status] [8196] Resolved module firebase-functions {"declared":true,"installed":true,"version":"3.14.1","resolution":"H:\\React Projects\\Amazon\\amazon-app\\functions\\node_modules\\firebase-functions\\lib\\index.js"} {"metadata":{"emulator":{"name":"functions"},"function":{"name":"us-central1-api"},"message":"[runtime-status] [8196] Resolved module firebase-functions {\"declared\":true,\"installed\":true,\"version\":\"3.14.1\",\"resolution\":\"H:\\\\React Projects\\\\Amazon\\\\amazon-app\\\\functions\\\\node_modules\\\\firebase-functions\\\\lib\\\\index.js\"}"}}
[debug] [2021-06-23T03:45:35.152Z] [runtime-status] [8196] Checked functions.config() {"config":{}} {"metadata":{"emulator":{"name":"functions"},"function":{"name":"us-central1-api"},"message":"[runtime-status] [8196] Checked functions.config() {\"config\":{}}"}}
[debug] [2021-06-23T03:45:35.153Z] [runtime-status] [8196] firebase-functions has been stubbed. {"functionsResolution":{"declared":true,"installed":true,"version":"3.14.1","resolution":"H:\\React Projects\\Amazon\\amazon-app\\functions\\node_modules\\firebase-functions\\lib\\index.js"}} {"metadata":{"emulator":{"name":"functions"},"function":{"name":"us-central1-api"},"message":"[runtime-status] [8196] firebase-functions has been stubbed. {\"functionsResolution\":{\"declared\":true,\"installed\":true,\"version\":\"3.14.1\",\"resolution\":\"H:\\\\React Projects\\\\Amazon\\\\amazon-app\\\\functions\\\\node_modules\\\\firebase-functions\\\\lib\\\\index.js\"}}"}}
[debug] [2021-06-23T03:45:35.154Z] [runtime-status] [8196] Resolved module firebase-functions {"declared":true,"installed":true,"version":"3.14.1","resolution":"H:\\React Projects\\Amazon\\amazon-app\\functions\\node_modules\\firebase-functions\\lib\\index.js"} {"metadata":{"emulator":{"name":"functions"},"function":{"name":"us-central1-api"},"message":"[runtime-status] [8196] Resolved module firebase-functions {\"declared\":true,\"installed\":true,\"version\":\"3.14.1\",\"resolution\":\"H:\\\\React Projects\\\\Amazon\\\\amazon-app\\\\functions\\\\node_modules\\\\firebase-functions\\\\lib\\\\index.js\"}"}}
[debug] [2021-06-23T03:45:35.156Z] [runtime-status] [8196] Resolved module firebase-admin {"declared":true,"installed":true,"version":"9.9.0","resolution":"H:\\React Projects\\Amazon\\amazon-app\\functions\\node_modules\\firebase-admin\\lib\\index.js"} {"metadata":{"emulator":{"name":"functions"},"function":{"name":"us-central1-api"},"message":"[runtime-status] [8196] Resolved module firebase-admin {\"declared\":true,\"installed\":true,\"version\":\"9.9.0\",\"resolution\":\"H:\\\\React Projects\\\\Amazon\\\\amazon-app\\\\functions\\\\node_modules\\\\firebase-admin\\\\lib\\\\index.js\"}"}}
[debug] [2021-06-23T03:45:35.158Z] [runtime-status] [8196] Resolved module firebase-functions {"declared":true,"installed":true,"version":"3.14.1","resolution":"H:\\React Projects\\Amazon\\amazon-app\\functions\\node_modules\\firebase-functions\\lib\\index.js"} {"metadata":{"emulator":{"name":"functions"},"function":{"name":"us-central1-api"},"message":"[runtime-status] [8196] Resolved module firebase-functions {\"declared\":true,\"installed\":true,\"version\":\"3.14.1\",\"resolution\":\"H:\\\\React Projects\\\\Amazon\\\\amazon-app\\\\functions\\\\node_modules\\\\firebase-functions\\\\lib\\\\index.js\"}"}}
[debug] [2021-06-23T03:45:35.158Z] [runtime-status] [8196] firebase-admin has been stubbed. {"adminResolution":{"declared":true,"installed":true,"version":"9.9.0","resolution":"H:\\React Projects\\Amazon\\amazon-app\\functions\\node_modules\\firebase-admin\\lib\\index.js"}} {"metadata":{"emulator":{"name":"functions"},"function":{"name":"us-central1-api"},"message":"[runtime-status] [8196] firebase-admin has been stubbed. {\"adminResolution\":{\"declared\":true,\"installed\":true,\"version\":\"9.9.0\",\"resolution\":\"H:\\\\React Projects\\\\Amazon\\\\amazon-app\\\\functions\\\\node_modules\\\\firebase-admin\\\\lib\\\\index.js\"}}"}}
[debug] [2021-06-23T03:45:35.398Z] [runtime-status] [8196] Trigger "us-central1-api" has been found, beginning invocation! {"metadata":{"emulator":{"name":"functions"},"function":{"name":"us-central1-api"},"message":"[runtime-status] [8196] Trigger \"us-central1-api\" has been found, beginning invocation!"}}
[info] i  functions: Beginning execution of "us-central1-api" {"metadata":{"emulator":{"name":"functions"},"function":{"name":"us-central1-api"},"message":"Beginning execution of \"us-central1-api\""}}
[debug] [2021-06-23T03:45:35.400Z] [runtime-status] [8196] triggerDefinition {"httpsTrigger":{},"name":"api","entryPoint":"api","regions":["us-central1"],"region":"us-central1","id":"us-central1-api"} {"metadata":{"emulator":{"name":"functions"},"function":{"name":"us-central1-api"},"message":"[runtime-status] [8196] triggerDefinition {\"httpsTrigger\":{},\"name\":\"api\",\"entryPoint\":\"api\",\"regions\":[\"us-central1\"],\"region\":\"us-central1\",\"id\":\"us-central1-api\"}"}}
[debug] [2021-06-23T03:45:35.400Z] [runtime-status] [8196] Running us-central1-api in mode HTTPS {"metadata":{"emulator":{"name":"functions"},"function":{"name":"us-central1-api"},"message":"[runtime-status] [8196] Running us-central1-api in mode HTTPS"}}
[debug] [2021-06-23T03:45:35.406Z] [runtime-status] [8196] Attempting to listen to socketPath: \\?\pipe\H:\React Projects\Amazon\amazon-app\functions\8196 {"metadata":{"emulator":{"name":"functions"},"function":{"name":"us-central1-api"},"message":"[runtime-status] [8196] Attempting to listen to socketPath: \\\\?\\pipe\\H:\\React Projects\\Amazon\\amazon-app\\functions\\8196"}}
[debug] [2021-06-23T03:45:35.410Z] [functions] Runtime ready! Sending request! {"metadata":{"emulator":{"name":"functions"},"message":"[functions] Runtime ready! Sending request!"}}
[debug] [2021-06-23T03:45:35.411Z] [functions] Got req.url=/app-ae3b3/us-central1/api, mapping to path=/ {"metadata":{"emulator":{"name":"functions"},"message":"[functions] Got req.url=/app-ae3b3/us-central1/api, mapping to path=/"}}
[debug] [2021-06-23T03:45:35.431Z] [runtime-status] [8196] Ephemeral server handling GET request {"metadata":{"emulator":{"name":"functions"},"function":{"name":"us-central1-api"},"message":"[runtime-status] [8196] Ephemeral server handling GET request"}}
[debug] [2021-06-23T03:45:35.440Z] [runtime-status] [8196] Ephemeral server survived. {"metadata":{"emulator":{"name":"functions"},"function":{"name":"us-central1-api"},"message":"[runtime-status] [8196] Ephemeral server survived."}}
[info] i  functions: Finished "us-central1-api" in ~1s {"metadata":{"emulator":{"name":"functions"},"function":{"name":"us-central1-api"},"message":"Finished \"us-central1-api\" in ~1s"}}
[debug] [2021-06-23T03:45:35.451Z] [worker-us-central1-api-85d1ea8f-4960-4cb2-848e-7efec22d5162]: IDLE {"metadata":{"emulator":{"name":"functions"},"message":"[worker-us-central1-api-85d1ea8f-4960-4cb2-848e-7efec22d5162]: IDLE"}}
[debug] [2021-06-23T03:45:35.452Z] [work-queue] {"queueLength":0,"workRunningCount":0}
[debug] [2021-06-23T03:45:35.549Z] Functions emulator received unknown request at path /favicon.ico
[debug] [2021-06-23T03:46:34.710Z] File H:\React Projects\Amazon\amazon-app\functions\index.js changed, reloading triggers {"metadata":{"emulator":{"name":"functions"},"message":"File H:\\React Projects\\Amazon\\amazon-app\\functions\\index.js changed, reloading triggers"}}
[debug] [2021-06-23T03:46:35.720Z] [worker-pool] Shutting down IDLE worker (~diagnostic~) {"metadata":{"emulator":{"name":"functions"},"message":"[worker-pool] Shutting down IDLE worker (~diagnostic~)"}}
[debug] [2021-06-23T03:46:35.721Z] [worker-~diagnostic~-8addbec9-6636-4cf8-8de5-fdbf48cd01e3]: FINISHING {"metadata":{"emulator":{"name":"functions"},"message":"[worker-~diagnostic~-8addbec9-6636-4cf8-8de5-fdbf48cd01e3]: FINISHING"}}
[debug] [2021-06-23T03:46:35.723Z] [worker-pool] Shutting down IDLE worker (us-central1-api) {"metadata":{"emulator":{"name":"functions"},"message":"[worker-pool] Shutting down IDLE worker (us-central1-api)"}}
[debug] [2021-06-23T03:46:35.725Z] [worker-us-central1-api-85d1ea8f-4960-4cb2-848e-7efec22d5162]: FINISHING {"metadata":{"emulator":{"name":"functions"},"message":"[worker-us-central1-api-85d1ea8f-4960-4cb2-848e-7efec22d5162]: FINISHING"}}
[debug] [2021-06-23T03:46:35.742Z] [worker-pool] addWorker(~diagnostic~) {"metadata":{"emulator":{"name":"functions"},"message":"[worker-pool] addWorker(~diagnostic~)"}}
[debug] [2021-06-23T03:46:35.742Z] [worker-pool] Adding worker with key ~diagnostic~, total=2 {"metadata":{"emulator":{"name":"functions"},"message":"[worker-pool] Adding worker with key ~diagnostic~, total=2"}}
[debug] [2021-06-23T03:46:35.743Z] [worker-pool] submitWork(triggerId=) {"metadata":{"emulator":{"name":"functions"},"message":"[worker-pool] submitWork(triggerId=)"}}
[debug] [2021-06-23T03:46:35.743Z] [worker-~diagnostic~-2c974d1a-47a7-4e08-aa5b-942ae06b6e39]: Assigning socketPath: \\?\pipe\H:\React Projects\Amazon\amazon-app\functions\15072 {"metadata":{"emulator":{"name":"functions"},"message":"[worker-~diagnostic~-2c974d1a-47a7-4e08-aa5b-942ae06b6e39]: Assigning socketPath: \\\\?\\pipe\\H:\\React Projects\\Amazon\\amazon-app\\functions\\15072"}}
[debug] [2021-06-23T03:46:35.743Z] [worker-~diagnostic~-2c974d1a-47a7-4e08-aa5b-942ae06b6e39]: BUSY {"metadata":{"emulator":{"name":"functions"},"message":"[worker-~diagnostic~-2c974d1a-47a7-4e08-aa5b-942ae06b6e39]: BUSY"}}
[debug] [2021-06-23T03:46:35.745Z] [worker-~diagnostic~-8addbec9-6636-4cf8-8de5-fdbf48cd01e3]: exited {"metadata":{"emulator":{"name":"functions"},"message":"[worker-~diagnostic~-8addbec9-6636-4cf8-8de5-fdbf48cd01e3]: exited"}}
[debug] [2021-06-23T03:46:35.746Z] [worker-~diagnostic~-8addbec9-6636-4cf8-8de5-fdbf48cd01e3]: FINISHED {"metadata":{"emulator":{"name":"functions"},"message":"[worker-~diagnostic~-8addbec9-6636-4cf8-8de5-fdbf48cd01e3]: FINISHED"}}
[debug] [2021-06-23T03:46:35.746Z] [worker-us-central1-api-85d1ea8f-4960-4cb2-848e-7efec22d5162]: exited {"metadata":{"emulator":{"name":"functions"},"message":"[worker-us-central1-api-85d1ea8f-4960-4cb2-848e-7efec22d5162]: exited"}}
[debug] [2021-06-23T03:46:35.746Z] [worker-us-central1-api-85d1ea8f-4960-4cb2-848e-7efec22d5162]: FINISHED {"metadata":{"emulator":{"name":"functions"},"message":"[worker-us-central1-api-85d1ea8f-4960-4cb2-848e-7efec22d5162]: FINISHED"}}
[debug] [2021-06-23T03:46:36.216Z] [runtime-status] [15072] Functions runtime initialized. {"cwd":"H:\\React Projects\\Amazon\\amazon-app\\functions","node_version":"12.18.1"} {"metadata":{"emulator":{"name":"functions"},"message":"[runtime-status] [15072] Functions runtime initialized. {\"cwd\":\"H:\\\\React Projects\\\\Amazon\\\\amazon-app\\\\functions\",\"node_version\":\"12.18.1\"}"}}
[debug] [2021-06-23T03:46:36.218Z] [runtime-status] [15072] Disabled runtime features: undefined {"metadata":{"emulator":{"name":"functions"},"message":"[runtime-status] [15072] Disabled runtime features: undefined"}}
[debug] [2021-06-23T03:46:36.227Z] [runtime-status] [15072] Resolved module firebase-admin {"declared":true,"installed":true,"version":"9.9.0","resolution":"H:\\React Projects\\Amazon\\amazon-app\\functions\\node_modules\\firebase-admin\\lib\\index.js"} {"metadata":{"emulator":{"name":"functions"},"message":"[runtime-status] [15072] Resolved module firebase-admin {\"declared\":true,\"installed\":true,\"version\":\"9.9.0\",\"resolution\":\"H:\\\\React Projects\\\\Amazon\\\\amazon-app\\\\functions\\\\node_modules\\\\firebase-admin\\\\lib\\\\index.js\"}"}}
[debug] [2021-06-23T03:46:36.231Z] [runtime-status] [15072] Resolved module firebase-functions {"declared":true,"installed":true,"version":"3.14.1","resolution":"H:\\React Projects\\Amazon\\amazon-app\\functions\\node_modules\\firebase-functions\\lib\\index.js"} {"metadata":{"emulator":{"name":"functions"},"message":"[runtime-status] [15072] Resolved module firebase-functions {\"declared\":true,\"installed\":true,\"version\":\"3.14.1\",\"resolution\":\"H:\\\\React Projects\\\\Amazon\\\\amazon-app\\\\functions\\\\node_modules\\\\firebase-functions\\\\lib\\\\index.js\"}"}}
[debug] [2021-06-23T03:46:36.233Z] [runtime-status] [15072] Resolved module firebase-functions {"declared":true,"installed":true,"version":"3.14.1","resolution":"H:\\React Projects\\Amazon\\amazon-app\\functions\\node_modules\\firebase-functions\\lib\\index.js"} {"metadata":{"emulator":{"name":"functions"},"message":"[runtime-status] [15072] Resolved module firebase-functions {\"declared\":true,\"installed\":true,\"version\":\"3.14.1\",\"resolution\":\"H:\\\\React Projects\\\\Amazon\\\\amazon-app\\\\functions\\\\node_modules\\\\firebase-functions\\\\lib\\\\index.js\"}"}}
[debug] [2021-06-23T03:46:36.237Z] [runtime-status] [15072] Outgoing network have been stubbed. [{"name":"http","status":"mocked"},{"name":"http","status":"mocked"},{"name":"https","status":"mocked"},{"name":"https","status":"mocked"},{"name":"net","status":"mocked"}] {"metadata":{"emulator":{"name":"functions"},"message":"[runtime-status] [15072] Outgoing network have been stubbed. [{\"name\":\"http\",\"status\":\"mocked\"},{\"name\":\"http\",\"status\":\"mocked\"},{\"name\":\"https\",\"status\":\"mocked\"},{\"name\":\"https\",\"status\":\"mocked\"},{\"name\":\"net\",\"status\":\"mocked\"}]"}}
[debug] [2021-06-23T03:46:36.239Z] [runtime-status] [15072] Resolved module firebase-functions {"declared":true,"installed":true,"version":"3.14.1","resolution":"H:\\React Projects\\Amazon\\amazon-app\\functions\\node_modules\\firebase-functions\\lib\\index.js"} {"metadata":{"emulator":{"name":"functions"},"message":"[runtime-status] [15072] Resolved module firebase-functions {\"declared\":true,\"installed\":true,\"version\":\"3.14.1\",\"resolution\":\"H:\\\\React Projects\\\\Amazon\\\\amazon-app\\\\functions\\\\node_modules\\\\firebase-functions\\\\lib\\\\index.js\"}"}}
[debug] [2021-06-23T03:46:36.334Z] [runtime-status] [15072] Checked functions.config() {"config":{}} {"metadata":{"emulator":{"name":"functions"},"message":"[runtime-status] [15072] Checked functions.config() {\"config\":{}}"}}
[debug] [2021-06-23T03:46:36.335Z] [runtime-status] [15072] firebase-functions has been stubbed. {"functionsResolution":{"declared":true,"installed":true,"version":"3.14.1","resolution":"H:\\React Projects\\Amazon\\amazon-app\\functions\\node_modules\\firebase-functions\\lib\\index.js"}} {"metadata":{"emulator":{"name":"functions"},"message":"[runtime-status] [15072] firebase-functions has been stubbed. {\"functionsResolution\":{\"declared\":true,\"installed\":true,\"version\":\"3.14.1\",\"resolution\":\"H:\\\\React Projects\\\\Amazon\\\\amazon-app\\\\functions\\\\node_modules\\\\firebase-functions\\\\lib\\\\index.js\"}}"}}
[debug] [2021-06-23T03:46:36.335Z] [runtime-status] [15072] Resolved module firebase-functions {"declared":true,"installed":true,"version":"3.14.1","resolution":"H:\\React Projects\\Amazon\\amazon-app\\functions\\node_modules\\firebase-functions\\lib\\index.js"} {"metadata":{"emulator":{"name":"functions"},"message":"[runtime-status] [15072] Resolved module firebase-functions {\"declared\":true,\"installed\":true,\"version\":\"3.14.1\",\"resolution\":\"H:\\\\React Projects\\\\Amazon\\\\amazon-app\\\\functions\\\\node_modules\\\\firebase-functions\\\\lib\\\\index.js\"}"}}
[debug] [2021-06-23T03:46:36.337Z] [runtime-status] [15072] Resolved module firebase-admin {"declared":true,"installed":true,"version":"9.9.0","resolution":"H:\\React Projects\\Amazon\\amazon-app\\functions\\node_modules\\firebase-admin\\lib\\index.js"} {"metadata":{"emulator":{"name":"functions"},"message":"[runtime-status] [15072] Resolved module firebase-admin {\"declared\":true,\"installed\":true,\"version\":\"9.9.0\",\"resolution\":\"H:\\\\React Projects\\\\Amazon\\\\amazon-app\\\\functions\\\\node_modules\\\\firebase-admin\\\\lib\\\\index.js\"}"}}
[debug] [2021-06-23T03:46:36.338Z] [runtime-status] [15072] Resolved module firebase-functions {"declared":true,"installed":true,"version":"3.14.1","resolution":"H:\\React Projects\\Amazon\\amazon-app\\functions\\node_modules\\firebase-functions\\lib\\index.js"} {"metadata":{"emulator":{"name":"functions"},"message":"[runtime-status] [15072] Resolved module firebase-functions {\"declared\":true,\"installed\":true,\"version\":\"3.14.1\",\"resolution\":\"H:\\\\React Projects\\\\Amazon\\\\amazon-app\\\\functions\\\\node_modules\\\\firebase-functions\\\\lib\\\\index.js\"}"}}
[debug] [2021-06-23T03:46:36.338Z] [runtime-status] [15072] firebase-admin has been stubbed. {"adminResolution":{"declared":true,"installed":true,"version":"9.9.0","resolution":"H:\\React Projects\\Amazon\\amazon-app\\functions\\node_modules\\firebase-admin\\lib\\index.js"}} {"metadata":{"emulator":{"name":"functions"},"message":"[runtime-status] [15072] firebase-admin has been stubbed. {\"adminResolution\":{\"declared\":true,\"installed\":true,\"version\":\"9.9.0\",\"resolution\":\"H:\\\\React Projects\\\\Amazon\\\\amazon-app\\\\functions\\\\node_modules\\\\firebase-admin\\\\lib\\\\index.js\"}}"}}
[debug] [2021-06-23T03:46:36.634Z] [worker-~diagnostic~-2c974d1a-47a7-4e08-aa5b-942ae06b6e39]: IDLE {"metadata":{"emulator":{"name":"functions"},"message":"[worker-~diagnostic~-2c974d1a-47a7-4e08-aa5b-942ae06b6e39]: IDLE"}}
[debug] [2021-06-23T03:48:11.701Z] File H:\React Projects\Amazon\amazon-app\functions\index.js changed, reloading triggers {"metadata":{"emulator":{"name":"functions"},"message":"File H:\\React Projects\\Amazon\\amazon-app\\functions\\index.js changed, reloading triggers"}}
[debug] [2021-06-23T03:48:12.703Z] [worker-pool] Shutting down IDLE worker (~diagnostic~) {"metadata":{"emulator":{"name":"functions"},"message":"[worker-pool] Shutting down IDLE worker (~diagnostic~)"}}
[debug] [2021-06-23T03:48:12.704Z] [worker-~diagnostic~-2c974d1a-47a7-4e08-aa5b-942ae06b6e39]: FINISHING {"metadata":{"emulator":{"name":"functions"},"message":"[worker-~diagnostic~-2c974d1a-47a7-4e08-aa5b-942ae06b6e39]: FINISHING"}}
[debug] [2021-06-23T03:48:12.706Z] [worker-pool] Cleaned up workers for ~diagnostic~: 2 --> 1 {"metadata":{"emulator":{"name":"functions"},"message":"[worker-pool] Cleaned up workers for ~diagnostic~: 2 --> 1"}}
[debug] [2021-06-23T03:48:12.707Z] [worker-pool] Cleaned up workers for us-central1-api: 1 --> 0 {"metadata":{"emulator":{"name":"functions"},"message":"[worker-pool] Cleaned up workers for us-central1-api: 1 --> 0"}}
[debug] [2021-06-23T03:48:12.726Z] [worker-pool] addWorker(~diagnostic~) {"metadata":{"emulator":{"name":"functions"},"message":"[worker-pool] addWorker(~diagnostic~)"}}
[debug] [2021-06-23T03:48:12.727Z] [worker-pool] Adding worker with key ~diagnostic~, total=2 {"metadata":{"emulator":{"name":"functions"},"message":"[worker-pool] Adding worker with key ~diagnostic~, total=2"}}
[debug] [2021-06-23T03:48:12.727Z] [worker-pool] submitWork(triggerId=) {"metadata":{"emulator":{"name":"functions"},"message":"[worker-pool] submitWork(triggerId=)"}}
[debug] [2021-06-23T03:48:12.727Z] [worker-~diagnostic~-7a4b0f12-9973-44a1-8183-e4761e713034]: Assigning socketPath: \\?\pipe\H:\React Projects\Amazon\amazon-app\functions\4392 {"metadata":{"emulator":{"name":"functions"},"message":"[worker-~diagnostic~-7a4b0f12-9973-44a1-8183-e4761e713034]: Assigning socketPath: \\\\?\\pipe\\H:\\React Projects\\Amazon\\amazon-app\\functions\\4392"}}
[debug] [2021-06-23T03:48:12.732Z] [worker-~diagnostic~-7a4b0f12-9973-44a1-8183-e4761e713034]: BUSY {"metadata":{"emulator":{"name":"functions"},"message":"[worker-~diagnostic~-7a4b0f12-9973-44a1-8183-e4761e713034]: BUSY"}}
[debug] [2021-06-23T03:48:12.736Z] [worker-~diagnostic~-2c974d1a-47a7-4e08-aa5b-942ae06b6e39]: exited {"metadata":{"emulator":{"name":"functions"},"message":"[worker-~diagnostic~-2c974d1a-47a7-4e08-aa5b-942ae06b6e39]: exited"}}
[debug] [2021-06-23T03:48:12.737Z] [worker-~diagnostic~-2c974d1a-47a7-4e08-aa5b-942ae06b6e39]: FINISHED {"metadata":{"emulator":{"name":"functions"},"message":"[worker-~diagnostic~-2c974d1a-47a7-4e08-aa5b-942ae06b6e39]: FINISHED"}}
[debug] [2021-06-23T03:48:13.061Z] [runtime-status] [4392] Functions runtime initialized. {"cwd":"H:\\React Projects\\Amazon\\amazon-app\\functions","node_version":"12.18.1"} {"metadata":{"emulator":{"name":"functions"},"message":"[runtime-status] [4392] Functions runtime initialized. {\"cwd\":\"H:\\\\React Projects\\\\Amazon\\\\amazon-app\\\\functions\",\"node_version\":\"12.18.1\"}"}}
[debug] [2021-06-23T03:48:13.064Z] [runtime-status] [4392] Disabled runtime features: undefined {"metadata":{"emulator":{"name":"functions"},"message":"[runtime-status] [4392] Disabled runtime features: undefined"}}
[debug] [2021-06-23T03:48:13.069Z] [runtime-status] [4392] Resolved module firebase-admin {"declared":true,"installed":true,"version":"9.9.0","resolution":"H:\\React Projects\\Amazon\\amazon-app\\functions\\node_modules\\firebase-admin\\lib\\index.js"} {"metadata":{"emulator":{"name":"functions"},"message":"[runtime-status] [4392] Resolved module firebase-admin {\"declared\":true,\"installed\":true,\"version\":\"9.9.0\",\"resolution\":\"H:\\\\React Projects\\\\Amazon\\\\amazon-app\\\\functions\\\\node_modules\\\\firebase-admin\\\\lib\\\\index.js\"}"}}
[debug] [2021-06-23T03:48:13.072Z] [runtime-status] [4392] Resolved module firebase-functions {"declared":true,"installed":true,"version":"3.14.1","resolution":"H:\\React Projects\\Amazon\\amazon-app\\functions\\node_modules\\firebase-functions\\lib\\index.js"} {"metadata":{"emulator":{"name":"functions"},"message":"[runtime-status] [4392] Resolved module firebase-functions {\"declared\":true,\"installed\":true,\"version\":\"3.14.1\",\"resolution\":\"H:\\\\React Projects\\\\Amazon\\\\amazon-app\\\\functions\\\\node_modules\\\\firebase-functions\\\\lib\\\\index.js\"}"}}
[debug] [2021-06-23T03:48:13.073Z] [runtime-status] [4392] Resolved module firebase-functions {"declared":true,"installed":true,"version":"3.14.1","resolution":"H:\\React Projects\\Amazon\\amazon-app\\functions\\node_modules\\firebase-functions\\lib\\index.js"} {"metadata":{"emulator":{"name":"functions"},"message":"[runtime-status] [4392] Resolved module firebase-functions {\"declared\":true,\"installed\":true,\"version\":\"3.14.1\",\"resolution\":\"H:\\\\React Projects\\\\Amazon\\\\amazon-app\\\\functions\\\\node_modules\\\\firebase-functions\\\\lib\\\\index.js\"}"}}
[debug] [2021-06-23T03:48:13.077Z] [runtime-status] [4392] Outgoing network have been stubbed. [{"name":"http","status":"mocked"},{"name":"http","status":"mocked"},{"name":"https","status":"mocked"},{"name":"https","status":"mocked"},{"name":"net","status":"mocked"}] {"metadata":{"emulator":{"name":"functions"},"message":"[runtime-status] [4392] Outgoing network have been stubbed. [{\"name\":\"http\",\"status\":\"mocked\"},{\"name\":\"http\",\"status\":\"mocked\"},{\"name\":\"https\",\"status\":\"mocked\"},{\"name\":\"https\",\"status\":\"mocked\"},{\"name\":\"net\",\"status\":\"mocked\"}]"}}
[debug] [2021-06-23T03:48:13.078Z] [runtime-status] [4392] Resolved module firebase-functions {"declared":true,"installed":true,"version":"3.14.1","resolution":"H:\\React Projects\\Amazon\\amazon-app\\functions\\node_modules\\firebase-functions\\lib\\index.js"} {"metadata":{"emulator":{"name":"functions"},"message":"[runtime-status] [4392] Resolved module firebase-functions {\"declared\":true,\"installed\":true,\"version\":\"3.14.1\",\"resolution\":\"H:\\\\React Projects\\\\Amazon\\\\amazon-app\\\\functions\\\\node_modules\\\\firebase-functions\\\\lib\\\\index.js\"}"}}
[debug] [2021-06-23T03:48:13.192Z] [runtime-status] [4392] Checked functions.config() {"config":{}} {"metadata":{"emulator":{"name":"functions"},"message":"[runtime-status] [4392] Checked functions.config() {\"config\":{}}"}}
[debug] [2021-06-23T03:48:13.193Z] [runtime-status] [4392] firebase-functions has been stubbed. {"functionsResolution":{"declared":true,"installed":true,"version":"3.14.1","resolution":"H:\\React Projects\\Amazon\\amazon-app\\functions\\node_modules\\firebase-functions\\lib\\index.js"}} {"metadata":{"emulator":{"name":"functions"},"message":"[runtime-status] [4392] firebase-functions has been stubbed. {\"functionsResolution\":{\"declared\":true,\"installed\":true,\"version\":\"3.14.1\",\"resolution\":\"H:\\\\React Projects\\\\Amazon\\\\amazon-app\\\\functions\\\\node_modules\\\\firebase-functions\\\\lib\\\\index.js\"}}"}}
[debug] [2021-06-23T03:48:13.194Z] [runtime-status] [4392] Resolved module firebase-functions {"declared":true,"installed":true,"version":"3.14.1","resolution":"H:\\React Projects\\Amazon\\amazon-app\\functions\\node_modules\\firebase-functions\\lib\\index.js"} {"metadata":{"emulator":{"name":"functions"},"message":"[runtime-status] [4392] Resolved module firebase-functions {\"declared\":true,\"installed\":true,\"version\":\"3.14.1\",\"resolution\":\"H:\\\\React Projects\\\\Amazon\\\\amazon-app\\\\functions\\\\node_modules\\\\firebase-functions\\\\lib\\\\index.js\"}"}}
[debug] [2021-06-23T03:48:13.198Z] [runtime-status] [4392] Resolved module firebase-admin {"declared":true,"installed":true,"version":"9.9.0","resolution":"H:\\React Projects\\Amazon\\amazon-app\\functions\\node_modules\\firebase-admin\\lib\\index.js"} {"metadata":{"emulator":{"name":"functions"},"message":"[runtime-status] [4392] Resolved module firebase-admin {\"declared\":true,\"installed\":true,\"version\":\"9.9.0\",\"resolution\":\"H:\\\\React Projects\\\\Amazon\\\\amazon-app\\\\functions\\\\node_modules\\\\firebase-admin\\\\lib\\\\index.js\"}"}}
[debug] [2021-06-23T03:48:13.200Z] [runtime-status] [4392] Resolved module firebase-functions {"declared":true,"installed":true,"version":"3.14.1","resolution":"H:\\React Projects\\Amazon\\amazon-app\\functions\\node_modules\\firebase-functions\\lib\\index.js"} {"metadata":{"emulator":{"name":"functions"},"message":"[runtime-status] [4392] Resolved module firebase-functions {\"declared\":true,\"installed\":true,\"version\":\"3.14.1\",\"resolution\":\"H:\\\\React Projects\\\\Amazon\\\\amazon-app\\\\functions\\\\node_modules\\\\firebase-functions\\\\lib\\\\index.js\"}"}}
[debug] [2021-06-23T03:48:13.201Z] [runtime-status] [4392] firebase-admin has been stubbed. {"adminResolution":{"declared":true,"installed":true,"version":"9.9.0","resolution":"H:\\React Projects\\Amazon\\amazon-app\\functions\\node_modules\\firebase-admin\\lib\\index.js"}} {"metadata":{"emulator":{"name":"functions"},"message":"[runtime-status] [4392] firebase-admin has been stubbed. {\"adminResolution\":{\"declared\":true,\"installed\":true,\"version\":\"9.9.0\",\"resolution\":\"H:\\\\React Projects\\\\Amazon\\\\amazon-app\\\\functions\\\\node_modules\\\\firebase-admin\\\\lib\\\\index.js\"}}"}}
[debug] [2021-06-23T03:48:13.468Z] [worker-~diagnostic~-7a4b0f12-9973-44a1-8183-e4761e713034]: IDLE {"metadata":{"emulator":{"name":"functions"},"message":"[worker-~diagnostic~-7a4b0f12-9973-44a1-8183-e4761e713034]: IDLE"}}
[debug] [2021-06-23T03:48:32.295Z] [work-queue] {"queueLength":1,"workRunningCount":0}
[debug] [2021-06-23T03:48:32.296Z] [work-queue] {"queueLength":0,"workRunningCount":1}
[debug] [2021-06-23T03:48:32.296Z] Accepted request GET /app-ae3b3/us-central1/api/ikhan --> us-central1-api
[debug] [2021-06-23T03:48:32.297Z] [worker-pool] Cleaned up workers for ~diagnostic~: 2 --> 1 {"metadata":{"emulator":{"name":"functions"},"message":"[worker-pool] Cleaned up workers for ~diagnostic~: 2 --> 1"}}
[debug] [2021-06-23T03:48:32.308Z] [worker-pool] addWorker(us-central1-api) {"metadata":{"emulator":{"name":"functions"},"message":"[worker-pool] addWorker(us-central1-api)"}}
[debug] [2021-06-23T03:48:32.309Z] [worker-pool] Adding worker with key us-central1-api, total=1 {"metadata":{"emulator":{"name":"functions"},"message":"[worker-pool] Adding worker with key us-central1-api, total=1"}}
[debug] [2021-06-23T03:48:32.309Z] [worker-pool] submitWork(triggerId=us-central1-api) {"metadata":{"emulator":{"name":"functions"},"message":"[worker-pool] submitWork(triggerId=us-central1-api)"}}
[debug] [2021-06-23T03:48:32.310Z] [worker-us-central1-api-c91bec6d-6fbb-4640-a25a-26dd7c791dbc]: Assigning socketPath: \\?\pipe\H:\React Projects\Amazon\amazon-app\functions\11444 {"metadata":{"emulator":{"name":"functions"},"message":"[worker-us-central1-api-c91bec6d-6fbb-4640-a25a-26dd7c791dbc]: Assigning socketPath: \\\\?\\pipe\\H:\\React Projects\\Amazon\\amazon-app\\functions\\11444"}}
[debug] [2021-06-23T03:48:32.310Z] [worker-us-central1-api-c91bec6d-6fbb-4640-a25a-26dd7c791dbc]: BUSY {"metadata":{"emulator":{"name":"functions"},"message":"[worker-us-central1-api-c91bec6d-6fbb-4640-a25a-26dd7c791dbc]: BUSY"}}
[debug] [2021-06-23T03:48:32.582Z] [runtime-status] [11444] Functions runtime initialized. {"cwd":"H:\\React Projects\\Amazon\\amazon-app\\functions","node_version":"12.18.1"} {"metadata":{"emulator":{"name":"functions"},"function":{"name":"us-central1-api"},"message":"[runtime-status] [11444] Functions runtime initialized. {\"cwd\":\"H:\\\\React Projects\\\\Amazon\\\\amazon-app\\\\functions\",\"node_version\":\"12.18.1\"}"}}
[debug] [2021-06-23T03:48:32.584Z] [runtime-status] [11444] Disabled runtime features: undefined {"metadata":{"emulator":{"name":"functions"},"function":{"name":"us-central1-api"},"message":"[runtime-status] [11444] Disabled runtime features: undefined"}}
[debug] [2021-06-23T03:48:32.589Z] [runtime-status] [11444] Resolved module firebase-admin {"declared":true,"installed":true,"version":"9.9.0","resolution":"H:\\React Projects\\Amazon\\amazon-app\\functions\\node_modules\\firebase-admin\\lib\\index.js"} {"metadata":{"emulator":{"name":"functions"},"function":{"name":"us-central1-api"},"message":"[runtime-status] [11444] Resolved module firebase-admin {\"declared\":true,\"installed\":true,\"version\":\"9.9.0\",\"resolution\":\"H:\\\\React Projects\\\\Amazon\\\\amazon-app\\\\functions\\\\node_modules\\\\firebase-admin\\\\lib\\\\index.js\"}"}}
[debug] [2021-06-23T03:48:32.591Z] [runtime-status] [11444] Resolved module firebase-functions {"declared":true,"installed":true,"version":"3.14.1","resolution":"H:\\React Projects\\Amazon\\amazon-app\\functions\\node_modules\\firebase-functions\\lib\\index.js"} {"metadata":{"emulator":{"name":"functions"},"function":{"name":"us-central1-api"},"message":"[runtime-status] [11444] Resolved module firebase-functions {\"declared\":true,\"installed\":true,\"version\":\"3.14.1\",\"resolution\":\"H:\\\\React Projects\\\\Amazon\\\\amazon-app\\\\functions\\\\node_modules\\\\firebase-functions\\\\lib\\\\index.js\"}"}}
[debug] [2021-06-23T03:48:32.592Z] [runtime-status] [11444] Resolved module firebase-functions {"declared":true,"installed":true,"version":"3.14.1","resolution":"H:\\React Projects\\Amazon\\amazon-app\\functions\\node_modules\\firebase-functions\\lib\\index.js"} {"metadata":{"emulator":{"name":"functions"},"function":{"name":"us-central1-api"},"message":"[runtime-status] [11444] Resolved module firebase-functions {\"declared\":true,\"installed\":true,\"version\":\"3.14.1\",\"resolution\":\"H:\\\\React Projects\\\\Amazon\\\\amazon-app\\\\functions\\\\node_modules\\\\firebase-functions\\\\lib\\\\index.js\"}"}}
[debug] [2021-06-23T03:48:32.594Z] [runtime-status] [11444] Outgoing network have been stubbed. [{"name":"http","status":"mocked"},{"name":"http","status":"mocked"},{"name":"https","status":"mocked"},{"name":"https","status":"mocked"},{"name":"net","status":"mocked"}] {"metadata":{"emulator":{"name":"functions"},"function":{"name":"us-central1-api"},"message":"[runtime-status] [11444] Outgoing network have been stubbed. [{\"name\":\"http\",\"status\":\"mocked\"},{\"name\":\"http\",\"status\":\"mocked\"},{\"name\":\"https\",\"status\":\"mocked\"},{\"name\":\"https\",\"status\":\"mocked\"},{\"name\":\"net\",\"status\":\"mocked\"}]"}}
[debug] [2021-06-23T03:48:32.595Z] [runtime-status] [11444] Resolved module firebase-functions {"declared":true,"installed":true,"version":"3.14.1","resolution":"H:\\React Projects\\Amazon\\amazon-app\\functions\\node_modules\\firebase-functions\\lib\\index.js"} {"metadata":{"emulator":{"name":"functions"},"function":{"name":"us-central1-api"},"message":"[runtime-status] [11444] Resolved module firebase-functions {\"declared\":true,\"installed\":true,\"version\":\"3.14.1\",\"resolution\":\"H:\\\\React Projects\\\\Amazon\\\\amazon-app\\\\functions\\\\node_modules\\\\firebase-functions\\\\lib\\\\index.js\"}"}}
[debug] [2021-06-23T03:48:32.653Z] [runtime-status] [11444] Checked functions.config() {"config":{}} {"metadata":{"emulator":{"name":"functions"},"function":{"name":"us-central1-api"},"message":"[runtime-status] [11444] Checked functions.config() {\"config\":{}}"}}
[debug] [2021-06-23T03:48:32.653Z] [runtime-status] [11444] firebase-functions has been stubbed. {"functionsResolution":{"declared":true,"installed":true,"version":"3.14.1","resolution":"H:\\React Projects\\Amazon\\amazon-app\\functions\\node_modules\\firebase-functions\\lib\\index.js"}} {"metadata":{"emulator":{"name":"functions"},"function":{"name":"us-central1-api"},"message":"[runtime-status] [11444] firebase-functions has been stubbed. {\"functionsResolution\":{\"declared\":true,\"installed\":true,\"version\":\"3.14.1\",\"resolution\":\"H:\\\\React Projects\\\\Amazon\\\\amazon-app\\\\functions\\\\node_modules\\\\firebase-functions\\\\lib\\\\index.js\"}}"}}
[debug] [2021-06-23T03:48:32.654Z] [runtime-status] [11444] Resolved module firebase-functions {"declared":true,"installed":true,"version":"3.14.1","resolution":"H:\\React Projects\\Amazon\\amazon-app\\functions\\node_modules\\firebase-functions\\lib\\index.js"} {"metadata":{"emulator":{"name":"functions"},"function":{"name":"us-central1-api"},"message":"[runtime-status] [11444] Resolved module firebase-functions {\"declared\":true,\"installed\":true,\"version\":\"3.14.1\",\"resolution\":\"H:\\\\React Projects\\\\Amazon\\\\amazon-app\\\\functions\\\\node_modules\\\\firebase-functions\\\\lib\\\\index.js\"}"}}
[debug] [2021-06-23T03:48:32.656Z] [runtime-status] [11444] Resolved module firebase-admin {"declared":true,"installed":true,"version":"9.9.0","resolution":"H:\\React Projects\\Amazon\\amazon-app\\functions\\node_modules\\firebase-admin\\lib\\index.js"} {"metadata":{"emulator":{"name":"functions"},"function":{"name":"us-central1-api"},"message":"[runtime-status] [11444] Resolved module firebase-admin {\"declared\":true,\"installed\":true,\"version\":\"9.9.0\",\"resolution\":\"H:\\\\React Projects\\\\Amazon\\\\amazon-app\\\\functions\\\\node_modules\\\\firebase-admin\\\\lib\\\\index.js\"}"}}
[debug] [2021-06-23T03:48:32.656Z] [runtime-status] [11444] Resolved module firebase-functions {"declared":true,"installed":true,"version":"3.14.1","resolution":"H:\\React Projects\\Amazon\\amazon-app\\functions\\node_modules\\firebase-functions\\lib\\index.js"} {"metadata":{"emulator":{"name":"functions"},"function":{"name":"us-central1-api"},"message":"[runtime-status] [11444] Resolved module firebase-functions {\"declared\":true,\"installed\":true,\"version\":\"3.14.1\",\"resolution\":\"H:\\\\React Projects\\\\Amazon\\\\amazon-app\\\\functions\\\\node_modules\\\\firebase-functions\\\\lib\\\\index.js\"}"}}
[debug] [2021-06-23T03:48:32.657Z] [runtime-status] [11444] firebase-admin has been stubbed. {"adminResolution":{"declared":true,"installed":true,"version":"9.9.0","resolution":"H:\\React Projects\\Amazon\\amazon-app\\functions\\node_modules\\firebase-admin\\lib\\index.js"}} {"metadata":{"emulator":{"name":"functions"},"function":{"name":"us-central1-api"},"message":"[runtime-status] [11444] firebase-admin has been stubbed. {\"adminResolution\":{\"declared\":true,\"installed\":true,\"version\":\"9.9.0\",\"resolution\":\"H:\\\\React Projects\\\\Amazon\\\\amazon-app\\\\functions\\\\node_modules\\\\firebase-admin\\\\lib\\\\index.js\"}}"}}
[debug] [2021-06-23T03:48:32.865Z] [runtime-status] [11444] Trigger "us-central1-api" has been found, beginning invocation! {"metadata":{"emulator":{"name":"functions"},"function":{"name":"us-central1-api"},"message":"[runtime-status] [11444] Trigger \"us-central1-api\" has been found, beginning invocation!"}}
[info] i  functions: Beginning execution of "us-central1-api" {"metadata":{"emulator":{"name":"functions"},"function":{"name":"us-central1-api"},"message":"Beginning execution of \"us-central1-api\""}}
[debug] [2021-06-23T03:48:32.867Z] [runtime-status] [11444] triggerDefinition {"httpsTrigger":{},"name":"api","entryPoint":"api","regions":["us-central1"],"region":"us-central1","id":"us-central1-api"} {"metadata":{"emulator":{"name":"functions"},"function":{"name":"us-central1-api"},"message":"[runtime-status] [11444] triggerDefinition {\"httpsTrigger\":{},\"name\":\"api\",\"entryPoint\":\"api\",\"regions\":[\"us-central1\"],\"region\":\"us-central1\",\"id\":\"us-central1-api\"}"}}
[debug] [2021-06-23T03:48:32.867Z] [runtime-status] [11444] Running us-central1-api in mode HTTPS {"metadata":{"emulator":{"name":"functions"},"function":{"name":"us-central1-api"},"message":"[runtime-status] [11444] Running us-central1-api in mode HTTPS"}}
[debug] [2021-06-23T03:48:32.872Z] [runtime-status] [11444] Attempting to listen to socketPath: \\?\pipe\H:\React Projects\Amazon\amazon-app\functions\11444 {"metadata":{"emulator":{"name":"functions"},"function":{"name":"us-central1-api"},"message":"[runtime-status] [11444] Attempting to listen to socketPath: \\\\?\\pipe\\H:\\React Projects\\Amazon\\amazon-app\\functions\\11444"}}
[debug] [2021-06-23T03:48:32.876Z] [functions] Runtime ready! Sending request! {"metadata":{"emulator":{"name":"functions"},"message":"[functions] Runtime ready! Sending request!"}}
[debug] [2021-06-23T03:48:32.876Z] [functions] Got req.url=/app-ae3b3/us-central1/api/ikhan, mapping to path=/ikhan {"metadata":{"emulator":{"name":"functions"},"message":"[functions] Got req.url=/app-ae3b3/us-central1/api/ikhan, mapping to path=/ikhan"}}
[debug] [2021-06-23T03:48:32.888Z] [runtime-status] [11444] Ephemeral server handling GET request {"metadata":{"emulator":{"name":"functions"},"function":{"name":"us-central1-api"},"message":"[runtime-status] [11444] Ephemeral server handling GET request"}}
[debug] [2021-06-23T03:48:32.902Z] [runtime-status] [11444] Ephemeral server survived. {"metadata":{"emulator":{"name":"functions"},"function":{"name":"us-central1-api"},"message":"[runtime-status] [11444] Ephemeral server survived."}}
[info] i  functions: Finished "us-central1-api" in ~1s {"metadata":{"emulator":{"name":"functions"},"function":{"name":"us-central1-api"},"message":"Finished \"us-central1-api\" in ~1s"}}
[debug] [2021-06-23T03:48:32.911Z] [worker-us-central1-api-c91bec6d-6fbb-4640-a25a-26dd7c791dbc]: IDLE {"metadata":{"emulator":{"name":"functions"},"message":"[worker-us-central1-api-c91bec6d-6fbb-4640-a25a-26dd7c791dbc]: IDLE"}}
[debug] [2021-06-23T03:48:32.912Z] [work-queue] {"queueLength":0,"workRunningCount":0}
[debug] [2021-06-23T03:49:25.743Z] File H:\React Projects\Amazon\amazon-app\functions\index.js changed, reloading triggers {"metadata":{"emulator":{"name":"functions"},"message":"File H:\\React Projects\\Amazon\\amazon-app\\functions\\index.js changed, reloading triggers"}}
