[debug] [2021-06-22T18:44:07.618Z] ----------------------------------------------------------------------
[debug] [2021-06-22T18:44:07.621Z] Command:       C:\Program Files\nodejs\node.exe C:\Users\Admin\AppData\Roaming\npm\node_modules\firebase-tools\lib\bin\firebase.js emulators:start
[debug] [2021-06-22T18:44:07.622Z] CLI Version:   9.13.1
[debug] [2021-06-22T18:44:07.622Z] Platform:      win32
[debug] [2021-06-22T18:44:07.622Z] Node Version:  v12.18.1
[debug] [2021-06-22T18:44:07.623Z] Time:          Wed Jun 23 2021 00:14:07 GMT+0530 (India Standard Time)
[debug] [2021-06-22T18:44:07.624Z] ----------------------------------------------------------------------
[debug] 
[debug] [2021-06-22T18:44:07.635Z] > command requires scopes: ["email","openid","https://www.googleapis.com/auth/cloudplatformprojects.readonly","https://www.googleapis.com/auth/firebase","https://www.googleapis.com/auth/cloud-platform"]
[debug] [2021-06-22T18:44:07.636Z] > authorizing via signed-in user (ibraj.grd@gmail.com)
[info] i  emulators: Starting emulators: functions, hosting {"metadata":{"emulator":{"name":"hub"},"message":"Starting emulators: functions, hosting"}}
[debug] [2021-06-22T18:44:09.697Z] [hub] writing locator at C:\Users\Admin\AppData\Local\Temp\hub-app-ae3b3.json
[warn] !  functions: The following emulators are not running, calls to these services from the Functions emulator will affect production: auth, firestore, database, pubsub, storage {"metadata":{"emulator":{"name":"functions"},"message":"The following emulators are not running, calls to these services from the Functions emulator will affect production: \u001b[1mauth, firestore, database, pubsub, storage\u001b[22m"}}
[warn] !  Your requested "node" version "14" doesn't match your global version "12" {"metadata":{"emulator":{"name":"functions"},"message":"Your requested \"node\" version \"14\" doesn't match your global version \"12\""}}
[debug] [2021-06-22T18:44:11.796Z] defaultcredentials: writing to file C:\Users\Admin\AppData\Roaming\firebase\ibraj_grd_gmail.com_application_default_credentials.json
[debug] [2021-06-22T18:44:11.801Z] Setting GAC to C:\Users\Admin\AppData\Roaming\firebase\ibraj_grd_gmail.com_application_default_credentials.json {"metadata":{"emulator":{"name":"functions"},"message":"Setting GAC to C:\\Users\\Admin\\AppData\\Roaming\\firebase\\ibraj_grd_gmail.com_application_default_credentials.json"}}
[debug] [2021-06-22T18:44:11.805Z] > refreshing access token with scopes: []
[debug] [2021-06-22T18:44:11.806Z] >>> HTTP REQUEST POST https://www.googleapis.com/oauth2/v3/token  
 <request body omitted>
[debug] [2021-06-22T18:44:12.108Z] <<< HTTP RESPONSE 200 {"expires":"Mon, 01 Jan 1990 00:00:00 GMT","cache-control":"no-cache, no-store, max-age=0, must-revalidate","date":"Tue, 22 Jun 2021 18:44:12 GMT","pragma":"no-cache","content-type":"application/json; charset=utf-8","vary":"X-Origin, Referer, Origin,Accept-Encoding","server":"scaffolding on HTTPServer2","x-xss-protection":"0","x-frame-options":"SAMEORIGIN","x-content-type-options":"nosniff","alt-svc":"h3=\":443\"; ma=2592000,h3-29=\":443\"; ma=2592000,h3-T051=\":443\"; ma=2592000,h3-Q050=\":443\"; ma=2592000,h3-Q046=\":443\"; ma=2592000,h3-Q043=\":443\"; ma=2592000,quic=\":443\"; ma=2592000; v=\"46,43\"","accept-ranges":"none","transfer-encoding":"chunked"}
[debug] [2021-06-22T18:44:12.884Z] >>> [apiv2][query] GET https://firebase.googleapis.com/v1beta1/projects/app-ae3b3/adminSdkConfig [none]
[debug] [2021-06-22T18:44:13.685Z] <<< [apiv2][status] GET https://firebase.googleapis.com/v1beta1/projects/app-ae3b3/adminSdkConfig 200
[debug] [2021-06-22T18:44:13.685Z] <<< [apiv2][body] GET https://firebase.googleapis.com/v1beta1/projects/app-ae3b3/adminSdkConfig {"projectId":"app-ae3b3","storageBucket":"app-ae3b3.appspot.com"}
[debug] [2021-06-22T18:44:16.001Z] >>> [apiv2][query] GET https://firebasehosting.googleapis.com/v1beta1/projects/app-ae3b3/sites 
[debug] [2021-06-22T18:44:17.887Z] <<< [apiv2][status] GET https://firebasehosting.googleapis.com/v1beta1/projects/app-ae3b3/sites 200
[debug] [2021-06-22T18:44:17.888Z] <<< [apiv2][body] GET https://firebasehosting.googleapis.com/v1beta1/projects/app-ae3b3/sites {"sites":[{"name":"projects/492719757375/sites/app-ae3b3","defaultUrl":"https://app-ae3b3.web.app","appId":"1:492719757375:web:3ed34fff0aab6bccc5408a","type":"DEFAULT_SITE"}]}
[debug] [2021-06-22T18:44:17.888Z] >>> [apiv2][query] GET https://firebase.googleapis.com/v1beta1/projects/app-ae3b3/webApps/1:492719757375:web:3ed34fff0aab6bccc5408a/config [none]
[debug] [2021-06-22T18:44:19.521Z] <<< [apiv2][status] GET https://firebase.googleapis.com/v1beta1/projects/app-ae3b3/webApps/1:492719757375:web:3ed34fff0aab6bccc5408a/config 200
[debug] [2021-06-22T18:44:19.522Z] <<< [apiv2][body] GET https://firebase.googleapis.com/v1beta1/projects/app-ae3b3/webApps/1:492719757375:web:3ed34fff0aab6bccc5408a/config {"projectId":"app-ae3b3","appId":"1:492719757375:web:3ed34fff0aab6bccc5408a","storageBucket":"app-ae3b3.appspot.com","apiKey":"AIzaSyDLzss9FU6-71R316CvMXaFPtCNOegYCWc","authDomain":"app-ae3b3.firebaseapp.com","messagingSenderId":"492719757375","measurementId":"G-5QGGCB546T"}
[info] i  hosting: Serving hosting files from: build {"metadata":{"emulator":{"name":"hosting"},"message":"Serving hosting files from: \u001b[1mbuild\u001b[22m"}}
[info] +  hosting: Local server: http://localhost:5000 {"metadata":{"emulator":{"name":"hosting"},"message":"Local server: \u001b[4m\u001b[1mhttp://localhost:5000\u001b[22m\u001b[24m"}}
[warn] !  ui: Emulator UI unable to start on port 4000, starting on 4001 instead. {"metadata":{"emulator":{"name":"ui"},"message":"Emulator UI unable to start on port 4000, starting on 4001 instead."}}
[debug] [2021-06-22T18:44:21.987Z] Ignoring unsupported arg: auto_download {"metadata":{"emulator":{"name":"ui"},"message":"Ignoring unsupported arg: auto_download"}}
[debug] [2021-06-22T18:44:21.987Z] Ignoring unsupported arg: port {"metadata":{"emulator":{"name":"ui"},"message":"Ignoring unsupported arg: port"}}
[debug] [2021-06-22T18:44:21.988Z] Starting Emulator UI with command {"binary":"node","args":["C:\\Users\\Admin\\.cache\\firebase\\emulators\\ui-v1.5.0\\server.bundle.js"],"optionalArgs":[],"joinArgs":false} {"metadata":{"emulator":{"name":"ui"},"message":"Starting Emulator UI with command {\"binary\":\"node\",\"args\":[\"C:\\\\Users\\\\Admin\\\\.cache\\\\firebase\\\\emulators\\\\ui-v1.5.0\\\\server.bundle.js\"],\"optionalArgs\":[],\"joinArgs\":false}"}}
[info] i  ui: Emulator UI logging to ui-debug.log {"metadata":{"emulator":{"name":"ui"},"message":"Emulator UI logging to \u001b[1mui-debug.log\u001b[22m"}}
[debug] [2021-06-22T18:44:22.194Z] Web / API server started at http://localhost:4001
 {"metadata":{"emulator":{"name":"ui"},"message":"Web / API server started at http://localhost:4001\n"}}
[info] i  functions: Watching "H:\React Projects\Amazon\amazon-app\functions" for Cloud Functions... {"metadata":{"emulator":{"name":"functions"},"message":"Watching \"H:\\React Projects\\Amazon\\amazon-app\\functions\" for Cloud Functions..."}}
[debug] [2021-06-22T18:44:22.522Z] [worker-pool] addWorker(~diagnostic~) {"metadata":{"emulator":{"name":"functions"},"message":"[worker-pool] addWorker(~diagnostic~)"}}
[debug] [2021-06-22T18:44:22.523Z] [worker-pool] Adding worker with key ~diagnostic~, total=1 {"metadata":{"emulator":{"name":"functions"},"message":"[worker-pool] Adding worker with key ~diagnostic~, total=1"}}
[debug] [2021-06-22T18:44:22.524Z] [worker-pool] submitWork(triggerId=) {"metadata":{"emulator":{"name":"functions"},"message":"[worker-pool] submitWork(triggerId=)"}}
[debug] [2021-06-22T18:44:22.526Z] [worker-~diagnostic~-7128698c-78a9-4a12-87f5-2f87b8190fc2]: Assigning socketPath: \\?\pipe\H:\React Projects\Amazon\amazon-app\functions\14096 {"metadata":{"emulator":{"name":"functions"},"message":"[worker-~diagnostic~-7128698c-78a9-4a12-87f5-2f87b8190fc2]: Assigning socketPath: \\\\?\\pipe\\H:\\React Projects\\Amazon\\amazon-app\\functions\\14096"}}
[debug] [2021-06-22T18:44:22.527Z] [worker-~diagnostic~-7128698c-78a9-4a12-87f5-2f87b8190fc2]: BUSY {"metadata":{"emulator":{"name":"functions"},"message":"[worker-~diagnostic~-7128698c-78a9-4a12-87f5-2f87b8190fc2]: BUSY"}}
[debug] [2021-06-22T18:44:22.961Z] [runtime-status] [14096] Functions runtime initialized. {"cwd":"H:\\React Projects\\Amazon\\amazon-app\\functions","node_version":"12.18.1"} {"metadata":{"emulator":{"name":"functions"},"message":"[runtime-status] [14096] Functions runtime initialized. {\"cwd\":\"H:\\\\React Projects\\\\Amazon\\\\amazon-app\\\\functions\",\"node_version\":\"12.18.1\"}"}}
[debug] [2021-06-22T18:44:22.962Z] [runtime-status] [14096] Disabled runtime features: undefined {"metadata":{"emulator":{"name":"functions"},"message":"[runtime-status] [14096] Disabled runtime features: undefined"}}
[debug] [2021-06-22T18:44:22.966Z] [runtime-status] [14096] Resolved module firebase-admin {"declared":true,"installed":true,"version":"9.9.0","resolution":"H:\\React Projects\\Amazon\\amazon-app\\functions\\node_modules\\firebase-admin\\lib\\index.js"} {"metadata":{"emulator":{"name":"functions"},"message":"[runtime-status] [14096] Resolved module firebase-admin {\"declared\":true,\"installed\":true,\"version\":\"9.9.0\",\"resolution\":\"H:\\\\React Projects\\\\Amazon\\\\amazon-app\\\\functions\\\\node_modules\\\\firebase-admin\\\\lib\\\\index.js\"}"}}
[debug] [2021-06-22T18:44:22.968Z] [runtime-status] [14096] Resolved module firebase-functions {"declared":true,"installed":true,"version":"3.14.1","resolution":"H:\\React Projects\\Amazon\\amazon-app\\functions\\node_modules\\firebase-functions\\lib\\index.js"} {"metadata":{"emulator":{"name":"functions"},"message":"[runtime-status] [14096] Resolved module firebase-functions {\"declared\":true,\"installed\":true,\"version\":\"3.14.1\",\"resolution\":\"H:\\\\React Projects\\\\Amazon\\\\amazon-app\\\\functions\\\\node_modules\\\\firebase-functions\\\\lib\\\\index.js\"}"}}
[debug] [2021-06-22T18:44:22.970Z] [runtime-status] [14096] Resolved module firebase-functions {"declared":true,"installed":true,"version":"3.14.1","resolution":"H:\\React Projects\\Amazon\\amazon-app\\functions\\node_modules\\firebase-functions\\lib\\index.js"} {"metadata":{"emulator":{"name":"functions"},"message":"[runtime-status] [14096] Resolved module firebase-functions {\"declared\":true,\"installed\":true,\"version\":\"3.14.1\",\"resolution\":\"H:\\\\React Projects\\\\Amazon\\\\amazon-app\\\\functions\\\\node_modules\\\\firebase-functions\\\\lib\\\\index.js\"}"}}
[debug] [2021-06-22T18:44:22.974Z] [runtime-status] [14096] Outgoing network have been stubbed. [{"name":"http","status":"mocked"},{"name":"http","status":"mocked"},{"name":"https","status":"mocked"},{"name":"https","status":"mocked"},{"name":"net","status":"mocked"}] {"metadata":{"emulator":{"name":"functions"},"message":"[runtime-status] [14096] Outgoing network have been stubbed. [{\"name\":\"http\",\"status\":\"mocked\"},{\"name\":\"http\",\"status\":\"mocked\"},{\"name\":\"https\",\"status\":\"mocked\"},{\"name\":\"https\",\"status\":\"mocked\"},{\"name\":\"net\",\"status\":\"mocked\"}]"}}
[debug] [2021-06-22T18:44:22.975Z] [runtime-status] [14096] Resolved module firebase-functions {"declared":true,"installed":true,"version":"3.14.1","resolution":"H:\\React Projects\\Amazon\\amazon-app\\functions\\node_modules\\firebase-functions\\lib\\index.js"} {"metadata":{"emulator":{"name":"functions"},"message":"[runtime-status] [14096] Resolved module firebase-functions {\"declared\":true,\"installed\":true,\"version\":\"3.14.1\",\"resolution\":\"H:\\\\React Projects\\\\Amazon\\\\amazon-app\\\\functions\\\\node_modules\\\\firebase-functions\\\\lib\\\\index.js\"}"}}
[debug] [2021-06-22T18:44:23.068Z] [runtime-status] [14096] Checked functions.config() {"config":{}} {"metadata":{"emulator":{"name":"functions"},"message":"[runtime-status] [14096] Checked functions.config() {\"config\":{}}"}}
[debug] [2021-06-22T18:44:23.069Z] [runtime-status] [14096] firebase-functions has been stubbed. {"functionsResolution":{"declared":true,"installed":true,"version":"3.14.1","resolution":"H:\\React Projects\\Amazon\\amazon-app\\functions\\node_modules\\firebase-functions\\lib\\index.js"}} {"metadata":{"emulator":{"name":"functions"},"message":"[runtime-status] [14096] firebase-functions has been stubbed. {\"functionsResolution\":{\"declared\":true,\"installed\":true,\"version\":\"3.14.1\",\"resolution\":\"H:\\\\React Projects\\\\Amazon\\\\amazon-app\\\\functions\\\\node_modules\\\\firebase-functions\\\\lib\\\\index.js\"}}"}}
[debug] [2021-06-22T18:44:23.074Z] [runtime-status] [14096] Resolved module firebase-functions {"declared":true,"installed":true,"version":"3.14.1","resolution":"H:\\React Projects\\Amazon\\amazon-app\\functions\\node_modules\\firebase-functions\\lib\\index.js"} {"metadata":{"emulator":{"name":"functions"},"message":"[runtime-status] [14096] Resolved module firebase-functions {\"declared\":true,\"installed\":true,\"version\":\"3.14.1\",\"resolution\":\"H:\\\\React Projects\\\\Amazon\\\\amazon-app\\\\functions\\\\node_modules\\\\firebase-functions\\\\lib\\\\index.js\"}"}}
[debug] [2021-06-22T18:44:23.075Z] [runtime-status] [14096] Resolved module firebase-admin {"declared":true,"installed":true,"version":"9.9.0","resolution":"H:\\React Projects\\Amazon\\amazon-app\\functions\\node_modules\\firebase-admin\\lib\\index.js"} {"metadata":{"emulator":{"name":"functions"},"message":"[runtime-status] [14096] Resolved module firebase-admin {\"declared\":true,\"installed\":true,\"version\":\"9.9.0\",\"resolution\":\"H:\\\\React Projects\\\\Amazon\\\\amazon-app\\\\functions\\\\node_modules\\\\firebase-admin\\\\lib\\\\index.js\"}"}}
[debug] [2021-06-22T18:44:23.075Z] [runtime-status] [14096] Resolved module firebase-functions {"declared":true,"installed":true,"version":"3.14.1","resolution":"H:\\React Projects\\Amazon\\amazon-app\\functions\\node_modules\\firebase-functions\\lib\\index.js"} {"metadata":{"emulator":{"name":"functions"},"message":"[runtime-status] [14096] Resolved module firebase-functions {\"declared\":true,\"installed\":true,\"version\":\"3.14.1\",\"resolution\":\"H:\\\\React Projects\\\\Amazon\\\\amazon-app\\\\functions\\\\node_modules\\\\firebase-functions\\\\lib\\\\index.js\"}"}}
[debug] [2021-06-22T18:44:23.076Z] [runtime-status] [14096] firebase-admin has been stubbed. {"adminResolution":{"declared":true,"installed":true,"version":"9.9.0","resolution":"H:\\React Projects\\Amazon\\amazon-app\\functions\\node_modules\\firebase-admin\\lib\\index.js"}} {"metadata":{"emulator":{"name":"functions"},"message":"[runtime-status] [14096] firebase-admin has been stubbed. {\"adminResolution\":{\"declared\":true,\"installed\":true,\"version\":\"9.9.0\",\"resolution\":\"H:\\\\React Projects\\\\Amazon\\\\amazon-app\\\\functions\\\\node_modules\\\\firebase-admin\\\\lib\\\\index.js\"}}"}}
[warn] !  Error: Cannot find module 'stripe'
Require stack:
- H:\React Projects\Amazon\amazon-app\functions\index.js
- C:\Users\Admin\AppData\Roaming\npm\node_modules\firebase-tools\lib\emulator\functionsEmulatorRuntime.js
    at Function.Module._resolveFilename (internal/modules/cjs/loader.js:966:15)
    at Function.Module._load (internal/modules/cjs/loader.js:842:27)
    at Module.require (internal/modules/cjs/loader.js:1026:19)
    at require (internal/modules/cjs/helpers.js:72:18)
    at Object.<anonymous> (H:\React Projects\Amazon\amazon-app\functions\index.js:4:16)
    at Module._compile (internal/modules/cjs/loader.js:1138:30)
    at Object.Module._extensions..js (internal/modules/cjs/loader.js:1158:10)
    at Module.load (internal/modules/cjs/loader.js:986:32)
    at Function.Module._load (internal/modules/cjs/loader.js:879:14)
    at Module.require (internal/modules/cjs/loader.js:1026:19) {"metadata":{"emulator":{"name":"functions"},"message":"Error: Cannot find module 'stripe'\nRequire stack:\n- H:\\React Projects\\Amazon\\amazon-app\\functions\\index.js\n- C:\\Users\\Admin\\AppData\\Roaming\\npm\\node_modules\\firebase-tools\\lib\\emulator\\functionsEmulatorRuntime.js\n    at Function.Module._resolveFilename (internal/modules/cjs/loader.js:966:15)\n    at Function.Module._load (internal/modules/cjs/loader.js:842:27)\n    at Module.require (internal/modules/cjs/loader.js:1026:19)\n    at require (internal/modules/cjs/helpers.js:72:18)\n    at Object.<anonymous> (H:\\React Projects\\Amazon\\amazon-app\\functions\\index.js:4:16)\n    at Module._compile (internal/modules/cjs/loader.js:1138:30)\n    at Object.Module._extensions..js (internal/modules/cjs/loader.js:1158:10)\n    at Module.load (internal/modules/cjs/loader.js:986:32)\n    at Function.Module._load (internal/modules/cjs/loader.js:879:14)\n    at Module.require (internal/modules/cjs/loader.js:1026:19)"}}
[warn] !  We were unable to load your functions code. (see above) {"metadata":{"emulator":{"name":"functions"}}}
[debug] [2021-06-22T18:44:23.399Z] [worker-~diagnostic~-7128698c-78a9-4a12-87f5-2f87b8190fc2]: exited {"metadata":{"emulator":{"name":"functions"},"message":"[worker-~diagnostic~-7128698c-78a9-4a12-87f5-2f87b8190fc2]: exited"}}
[debug] [2021-06-22T18:44:23.400Z] [worker-~diagnostic~-7128698c-78a9-4a12-87f5-2f87b8190fc2]: FINISHED {"metadata":{"emulator":{"name":"functions"},"message":"[worker-~diagnostic~-7128698c-78a9-4a12-87f5-2f87b8190fc2]: FINISHED"}}
[debug] [2021-06-22T18:45:21.216Z] Received signal SIGHUP 1
